<?xml version="1.0" encoding="UTF-8"?>
<testng-results ignored="0" total="19" passed="15" failed="4" skipped="0">
  <reporter-output>
  </reporter-output>
  <suite started-at="2025-04-17T18:16:43 IST" name="SauceDemo Suite" finished-at="2025-04-17T18:17:38 IST" duration-ms="55762">
    <groups>
    </groups>
    <test started-at="2025-04-17T18:16:43 IST" name="Login Page Test" finished-at="2025-04-17T18:17:00 IST" duration-ms="17639">
      <class name="com.testcases.LoginPageTest">
        <test-method is-config="true" signature="setUp()[pri:0, instance:com.testcases.LoginPageTest@77b7ffa4]" started-at="2025-04-17T18:16:43 IST" name="setUp" finished-at="2025-04-17T18:16:47 IST" duration-ms="4238" status="PASS">
          <reporter-output>
          </reporter-output>
        </test-method> <!-- setUp -->
        <test-method signature="testTitleVerification()[pri:0, instance:com.testcases.LoginPageTest@77b7ffa4]" started-at="2025-04-17T18:16:47 IST" name="testTitleVerification" finished-at="2025-04-17T18:16:47 IST" duration-ms="31" status="PASS">
          <reporter-output>
          </reporter-output>
        </test-method> <!-- testTitleVerification -->
        <test-method is-config="true" signature="tearDown(org.testng.ITestResult)[pri:0, instance:com.testcases.LoginPageTest@77b7ffa4]" started-at="2025-04-17T18:16:47 IST" name="tearDown" finished-at="2025-04-17T18:16:47 IST" duration-ms="92" status="PASS">
          <params>
            <param index="0">
              <value>
                <![CDATA[[TestResult name=testTitleVerification status=SUCCESS method=LoginPageTest.testTitleVerification()[pri:0, instance:com.testcases.LoginPageTest@77b7ffa4] output={null}]]]>
              </value>
            </param>
          </params>
          <reporter-output>
          </reporter-output>
        </test-method> <!-- tearDown -->
        <test-method is-config="true" signature="setUp()[pri:0, instance:com.testcases.LoginPageTest@77b7ffa4]" started-at="2025-04-17T18:16:47 IST" name="setUp" finished-at="2025-04-17T18:16:49 IST" duration-ms="1994" status="PASS">
          <reporter-output>
          </reporter-output>
        </test-method> <!-- setUp -->
        <test-method signature="testInvalidLogin(java.lang.String,java.lang.String,java.lang.String)[pri:1, instance:com.testcases.LoginPageTest@77b7ffa4]" started-at="2025-04-17T18:16:49 IST" name="testInvalidLogin" data-provider="invalidCredentials" finished-at="2025-04-17T18:16:49 IST" duration-ms="310" status="PASS">
          <params>
            <param index="0">
              <value>
                <![CDATA[locked_out_user]]>
              </value>
            </param>
            <param index="1">
              <value>
                <![CDATA[secret_sauce]]>
              </value>
            </param>
            <param index="2">
              <value>
                <![CDATA[locked out]]>
              </value>
            </param>
          </params>
          <reporter-output>
          </reporter-output>
        </test-method> <!-- testInvalidLogin -->
        <test-method is-config="true" signature="tearDown(org.testng.ITestResult)[pri:0, instance:com.testcases.LoginPageTest@77b7ffa4]" started-at="2025-04-17T18:16:49 IST" name="tearDown" finished-at="2025-04-17T18:16:49 IST" duration-ms="80" status="PASS">
          <params>
            <param index="0">
              <value>
                <![CDATA[[TestResult name=testInvalidLogin status=SUCCESS method=LoginPageTest.testInvalidLogin(java.lang.String,java.lang.String,java.lang.String)[pri:1, instance:com.testcases.LoginPageTest@77b7ffa4] output={null}]]]>
              </value>
            </param>
          </params>
          <reporter-output>
          </reporter-output>
        </test-method> <!-- tearDown -->
        <test-method is-config="true" signature="setUp()[pri:0, instance:com.testcases.LoginPageTest@77b7ffa4]" started-at="2025-04-17T18:16:49 IST" name="setUp" finished-at="2025-04-17T18:16:51 IST" duration-ms="1881" status="PASS">
          <reporter-output>
          </reporter-output>
        </test-method> <!-- setUp -->
        <test-method signature="testInvalidLogin(java.lang.String,java.lang.String,java.lang.String)[pri:1, instance:com.testcases.LoginPageTest@77b7ffa4]" started-at="2025-04-17T18:16:51 IST" name="testInvalidLogin" data-provider="invalidCredentials" finished-at="2025-04-17T18:16:52 IST" duration-ms="217" status="PASS">
          <params>
            <param index="0">
              <value>
                <![CDATA[invalid_user]]>
              </value>
            </param>
            <param index="1">
              <value>
                <![CDATA[wrong_pass]]>
              </value>
            </param>
            <param index="2">
              <value>
                <![CDATA[Username and password]]>
              </value>
            </param>
          </params>
          <reporter-output>
          </reporter-output>
        </test-method> <!-- testInvalidLogin -->
        <test-method is-config="true" signature="tearDown(org.testng.ITestResult)[pri:0, instance:com.testcases.LoginPageTest@77b7ffa4]" started-at="2025-04-17T18:16:52 IST" name="tearDown" finished-at="2025-04-17T18:16:52 IST" duration-ms="86" status="PASS">
          <params>
            <param index="0">
              <value>
                <![CDATA[[TestResult name=testInvalidLogin status=SUCCESS method=LoginPageTest.testInvalidLogin(java.lang.String,java.lang.String,java.lang.String)[pri:1, instance:com.testcases.LoginPageTest@77b7ffa4] output={null}]]]>
              </value>
            </param>
          </params>
          <reporter-output>
          </reporter-output>
        </test-method> <!-- tearDown -->
        <test-method is-config="true" signature="setUp()[pri:0, instance:com.testcases.LoginPageTest@77b7ffa4]" started-at="2025-04-17T18:16:52 IST" name="setUp" finished-at="2025-04-17T18:16:54 IST" duration-ms="1862" status="PASS">
          <reporter-output>
          </reporter-output>
        </test-method> <!-- setUp -->
        <test-method signature="testInvalidLogin(java.lang.String,java.lang.String,java.lang.String)[pri:1, instance:com.testcases.LoginPageTest@77b7ffa4]" started-at="2025-04-17T18:16:54 IST" name="testInvalidLogin" data-provider="invalidCredentials" finished-at="2025-04-17T18:16:54 IST" duration-ms="161" status="PASS">
          <params>
            <param index="0">
              <value>
                <![CDATA[]]>
              </value>
            </param>
            <param index="1">
              <value>
                <![CDATA[]]>
              </value>
            </param>
            <param index="2">
              <value>
                <![CDATA[Username is required]]>
              </value>
            </param>
          </params>
          <reporter-output>
          </reporter-output>
        </test-method> <!-- testInvalidLogin -->
        <test-method is-config="true" signature="tearDown(org.testng.ITestResult)[pri:0, instance:com.testcases.LoginPageTest@77b7ffa4]" started-at="2025-04-17T18:16:54 IST" name="tearDown" finished-at="2025-04-17T18:16:54 IST" duration-ms="85" status="PASS">
          <params>
            <param index="0">
              <value>
                <![CDATA[[TestResult name=testInvalidLogin status=SUCCESS method=LoginPageTest.testInvalidLogin(java.lang.String,java.lang.String,java.lang.String)[pri:1, instance:com.testcases.LoginPageTest@77b7ffa4] output={null}]]]>
              </value>
            </param>
          </params>
          <reporter-output>
          </reporter-output>
        </test-method> <!-- tearDown -->
        <test-method is-config="true" signature="setUp()[pri:0, instance:com.testcases.LoginPageTest@77b7ffa4]" started-at="2025-04-17T18:16:54 IST" name="setUp" finished-at="2025-04-17T18:16:56 IST" duration-ms="1897" status="PASS">
          <reporter-output>
          </reporter-output>
        </test-method> <!-- setUp -->
        <test-method signature="testInvalidLogin(java.lang.String,java.lang.String,java.lang.String)[pri:1, instance:com.testcases.LoginPageTest@77b7ffa4]" started-at="2025-04-17T18:16:56 IST" name="testInvalidLogin" data-provider="invalidCredentials" finished-at="2025-04-17T18:16:56 IST" duration-ms="212" status="PASS">
          <params>
            <param index="0">
              <value>
                <![CDATA[standard_user]]>
              </value>
            </param>
            <param index="1">
              <value>
                <![CDATA[]]>
              </value>
            </param>
            <param index="2">
              <value>
                <![CDATA[Password is required]]>
              </value>
            </param>
          </params>
          <reporter-output>
          </reporter-output>
        </test-method> <!-- testInvalidLogin -->
        <test-method is-config="true" signature="tearDown(org.testng.ITestResult)[pri:0, instance:com.testcases.LoginPageTest@77b7ffa4]" started-at="2025-04-17T18:16:56 IST" name="tearDown" finished-at="2025-04-17T18:16:56 IST" duration-ms="80" status="PASS">
          <params>
            <param index="0">
              <value>
                <![CDATA[[TestResult name=testInvalidLogin status=SUCCESS method=LoginPageTest.testInvalidLogin(java.lang.String,java.lang.String,java.lang.String)[pri:1, instance:com.testcases.LoginPageTest@77b7ffa4] output={null}]]]>
              </value>
            </param>
          </params>
          <reporter-output>
          </reporter-output>
        </test-method> <!-- tearDown -->
        <test-method is-config="true" signature="setUp()[pri:0, instance:com.testcases.LoginPageTest@77b7ffa4]" started-at="2025-04-17T18:16:56 IST" name="setUp" finished-at="2025-04-17T18:16:58 IST" duration-ms="1821" status="PASS">
          <reporter-output>
          </reporter-output>
        </test-method> <!-- setUp -->
        <test-method signature="testValidLogin(java.lang.String,java.lang.String,java.lang.String)[pri:2, instance:com.testcases.LoginPageTest@77b7ffa4]" started-at="2025-04-17T18:16:58 IST" name="testValidLogin" data-provider="validCredentials" finished-at="2025-04-17T18:16:58 IST" duration-ms="256" status="PASS">
          <params>
            <param index="0">
              <value>
                <![CDATA[standard_user]]>
              </value>
            </param>
            <param index="1">
              <value>
                <![CDATA[secret_sauce]]>
              </value>
            </param>
            <param index="2">
              <value>
                <![CDATA[inventory.html]]>
              </value>
            </param>
          </params>
          <reporter-output>
          </reporter-output>
        </test-method> <!-- testValidLogin -->
        <test-method is-config="true" signature="tearDown(org.testng.ITestResult)[pri:0, instance:com.testcases.LoginPageTest@77b7ffa4]" started-at="2025-04-17T18:16:58 IST" name="tearDown" finished-at="2025-04-17T18:16:58 IST" duration-ms="80" status="PASS">
          <params>
            <param index="0">
              <value>
                <![CDATA[[TestResult name=testValidLogin status=SUCCESS method=LoginPageTest.testValidLogin(java.lang.String,java.lang.String,java.lang.String)[pri:2, instance:com.testcases.LoginPageTest@77b7ffa4] output={null}]]]>
              </value>
            </param>
          </params>
          <reporter-output>
          </reporter-output>
        </test-method> <!-- tearDown -->
        <test-method is-config="true" signature="setUp()[pri:0, instance:com.testcases.LoginPageTest@77b7ffa4]" started-at="2025-04-17T18:16:58 IST" name="setUp" finished-at="2025-04-17T18:17:00 IST" duration-ms="1860" status="PASS">
          <reporter-output>
          </reporter-output>
        </test-method> <!-- setUp -->
        <test-method signature="testValidLogin(java.lang.String,java.lang.String,java.lang.String)[pri:2, instance:com.testcases.LoginPageTest@77b7ffa4]" started-at="2025-04-17T18:17:00 IST" name="testValidLogin" data-provider="validCredentials" finished-at="2025-04-17T18:17:00 IST" duration-ms="224" status="PASS">
          <params>
            <param index="0">
              <value>
                <![CDATA[problem_user]]>
              </value>
            </param>
            <param index="1">
              <value>
                <![CDATA[secret_sauce]]>
              </value>
            </param>
            <param index="2">
              <value>
                <![CDATA[inventory.html]]>
              </value>
            </param>
          </params>
          <reporter-output>
          </reporter-output>
        </test-method> <!-- testValidLogin -->
        <test-method is-config="true" signature="tearDown(org.testng.ITestResult)[pri:0, instance:com.testcases.LoginPageTest@77b7ffa4]" started-at="2025-04-17T18:17:00 IST" name="tearDown" finished-at="2025-04-17T18:17:00 IST" duration-ms="80" status="PASS">
          <params>
            <param index="0">
              <value>
                <![CDATA[[TestResult name=testValidLogin status=SUCCESS method=LoginPageTest.testValidLogin(java.lang.String,java.lang.String,java.lang.String)[pri:2, instance:com.testcases.LoginPageTest@77b7ffa4] output={null}]]]>
              </value>
            </param>
          </params>
          <reporter-output>
          </reporter-output>
        </test-method> <!-- tearDown -->
      </class> <!-- com.testcases.LoginPageTest -->
    </test> <!-- Login Page Test -->
    <test started-at="2025-04-17T18:17:00 IST" name="Product Page Test" finished-at="2025-04-17T18:17:23 IST" duration-ms="22899">
      <class name="com.testcases.ProductPageTest">
        <test-method is-config="true" signature="setUp()[pri:0, instance:com.testcases.ProductPageTest@3f2049b6]" started-at="2025-04-17T18:17:00 IST" name="setUp" finished-at="2025-04-17T18:17:02 IST" duration-ms="1845" status="PASS">
          <reporter-output>
          </reporter-output>
        </test-method> <!-- setUp -->
        <test-method signature="testTitleVerification(java.lang.String,java.lang.String,java.lang.String)[pri:3, instance:com.testcases.ProductPageTest@3f2049b6]" started-at="2025-04-17T18:17:02 IST" name="testTitleVerification" data-provider="validCredentials" finished-at="2025-04-17T18:17:02 IST" duration-ms="229" status="PASS">
          <params>
            <param index="0">
              <value>
                <![CDATA[standard_user]]>
              </value>
            </param>
            <param index="1">
              <value>
                <![CDATA[secret_sauce]]>
              </value>
            </param>
            <param index="2">
              <value>
                <![CDATA[inventory.html]]>
              </value>
            </param>
          </params>
          <reporter-output>
          </reporter-output>
        </test-method> <!-- testTitleVerification -->
        <test-method is-config="true" signature="tearDown(org.testng.ITestResult)[pri:0, instance:com.testcases.ProductPageTest@3f2049b6]" started-at="2025-04-17T18:17:02 IST" name="tearDown" finished-at="2025-04-17T18:17:02 IST" duration-ms="76" status="PASS">
          <params>
            <param index="0">
              <value>
                <![CDATA[[TestResult name=testTitleVerification status=SUCCESS method=ProductPageTest.testTitleVerification(java.lang.String,java.lang.String,java.lang.String)[pri:3, instance:com.testcases.ProductPageTest@3f2049b6] output={null}]]]>
              </value>
            </param>
          </params>
          <reporter-output>
          </reporter-output>
        </test-method> <!-- tearDown -->
        <test-method is-config="true" signature="setUp()[pri:0, instance:com.testcases.ProductPageTest@3f2049b6]" started-at="2025-04-17T18:17:02 IST" name="setUp" finished-at="2025-04-17T18:17:04 IST" duration-ms="1840" status="PASS">
          <reporter-output>
          </reporter-output>
        </test-method> <!-- setUp -->
        <test-method signature="testTitleVerification(java.lang.String,java.lang.String,java.lang.String)[pri:3, instance:com.testcases.ProductPageTest@3f2049b6]" started-at="2025-04-17T18:17:04 IST" name="testTitleVerification" data-provider="validCredentials" finished-at="2025-04-17T18:17:05 IST" duration-ms="228" status="PASS">
          <params>
            <param index="0">
              <value>
                <![CDATA[problem_user]]>
              </value>
            </param>
            <param index="1">
              <value>
                <![CDATA[secret_sauce]]>
              </value>
            </param>
            <param index="2">
              <value>
                <![CDATA[inventory.html]]>
              </value>
            </param>
          </params>
          <reporter-output>
          </reporter-output>
        </test-method> <!-- testTitleVerification -->
        <test-method is-config="true" signature="tearDown(org.testng.ITestResult)[pri:0, instance:com.testcases.ProductPageTest@3f2049b6]" started-at="2025-04-17T18:17:05 IST" name="tearDown" finished-at="2025-04-17T18:17:05 IST" duration-ms="76" status="PASS">
          <params>
            <param index="0">
              <value>
                <![CDATA[[TestResult name=testTitleVerification status=SUCCESS method=ProductPageTest.testTitleVerification(java.lang.String,java.lang.String,java.lang.String)[pri:3, instance:com.testcases.ProductPageTest@3f2049b6] output={null}]]]>
              </value>
            </param>
          </params>
          <reporter-output>
          </reporter-output>
        </test-method> <!-- tearDown -->
        <test-method is-config="true" signature="setUp()[pri:0, instance:com.testcases.ProductPageTest@3f2049b6]" started-at="2025-04-17T18:17:05 IST" name="setUp" finished-at="2025-04-17T18:17:07 IST" duration-ms="1895" status="PASS">
          <reporter-output>
          </reporter-output>
        </test-method> <!-- setUp -->
        <test-method signature="testSortNameAtoZ(java.lang.String,java.lang.String,java.lang.String)[pri:4, instance:com.testcases.ProductPageTest@3f2049b6]" started-at="2025-04-17T18:17:07 IST" name="testSortNameAtoZ" data-provider="validCredentials" finished-at="2025-04-17T18:17:07 IST" duration-ms="296" status="PASS">
          <params>
            <param index="0">
              <value>
                <![CDATA[standard_user]]>
              </value>
            </param>
            <param index="1">
              <value>
                <![CDATA[secret_sauce]]>
              </value>
            </param>
            <param index="2">
              <value>
                <![CDATA[inventory.html]]>
              </value>
            </param>
          </params>
          <reporter-output>
          </reporter-output>
        </test-method> <!-- testSortNameAtoZ -->
        <test-method is-config="true" signature="tearDown(org.testng.ITestResult)[pri:0, instance:com.testcases.ProductPageTest@3f2049b6]" started-at="2025-04-17T18:17:07 IST" name="tearDown" finished-at="2025-04-17T18:17:07 IST" duration-ms="82" status="PASS">
          <params>
            <param index="0">
              <value>
                <![CDATA[[TestResult name=testSortNameAtoZ status=SUCCESS method=ProductPageTest.testSortNameAtoZ(java.lang.String,java.lang.String,java.lang.String)[pri:4, instance:com.testcases.ProductPageTest@3f2049b6] output={null}]]]>
              </value>
            </param>
          </params>
          <reporter-output>
          </reporter-output>
        </test-method> <!-- tearDown -->
        <test-method is-config="true" signature="setUp()[pri:0, instance:com.testcases.ProductPageTest@3f2049b6]" started-at="2025-04-17T18:17:07 IST" name="setUp" finished-at="2025-04-17T18:17:09 IST" duration-ms="1900" status="PASS">
          <reporter-output>
          </reporter-output>
        </test-method> <!-- setUp -->
        <test-method signature="testSortNameAtoZ(java.lang.String,java.lang.String,java.lang.String)[pri:4, instance:com.testcases.ProductPageTest@3f2049b6]" started-at="2025-04-17T18:17:09 IST" name="testSortNameAtoZ" data-provider="validCredentials" finished-at="2025-04-17T18:17:09 IST" duration-ms="285" status="PASS">
          <params>
            <param index="0">
              <value>
                <![CDATA[problem_user]]>
              </value>
            </param>
            <param index="1">
              <value>
                <![CDATA[secret_sauce]]>
              </value>
            </param>
            <param index="2">
              <value>
                <![CDATA[inventory.html]]>
              </value>
            </param>
          </params>
          <reporter-output>
          </reporter-output>
        </test-method> <!-- testSortNameAtoZ -->
        <test-method is-config="true" signature="tearDown(org.testng.ITestResult)[pri:0, instance:com.testcases.ProductPageTest@3f2049b6]" started-at="2025-04-17T18:17:09 IST" name="tearDown" finished-at="2025-04-17T18:17:09 IST" duration-ms="82" status="PASS">
          <params>
            <param index="0">
              <value>
                <![CDATA[[TestResult name=testSortNameAtoZ status=SUCCESS method=ProductPageTest.testSortNameAtoZ(java.lang.String,java.lang.String,java.lang.String)[pri:4, instance:com.testcases.ProductPageTest@3f2049b6] output={null}]]]>
              </value>
            </param>
          </params>
          <reporter-output>
          </reporter-output>
        </test-method> <!-- tearDown -->
        <test-method is-config="true" signature="setUp()[pri:0, instance:com.testcases.ProductPageTest@3f2049b6]" started-at="2025-04-17T18:17:09 IST" name="setUp" finished-at="2025-04-17T18:17:11 IST" duration-ms="1851" status="PASS">
          <reporter-output>
          </reporter-output>
        </test-method> <!-- setUp -->
        <test-method signature="testSortNameZtoA(java.lang.String,java.lang.String,java.lang.String)[pri:5, instance:com.testcases.ProductPageTest@3f2049b6]" started-at="2025-04-17T18:17:11 IST" name="testSortNameZtoA" data-provider="validCredentials" finished-at="2025-04-17T18:17:11 IST" duration-ms="298" status="PASS">
          <params>
            <param index="0">
              <value>
                <![CDATA[standard_user]]>
              </value>
            </param>
            <param index="1">
              <value>
                <![CDATA[secret_sauce]]>
              </value>
            </param>
            <param index="2">
              <value>
                <![CDATA[inventory.html]]>
              </value>
            </param>
          </params>
          <reporter-output>
          </reporter-output>
        </test-method> <!-- testSortNameZtoA -->
        <test-method is-config="true" signature="tearDown(org.testng.ITestResult)[pri:0, instance:com.testcases.ProductPageTest@3f2049b6]" started-at="2025-04-17T18:17:11 IST" name="tearDown" finished-at="2025-04-17T18:17:11 IST" duration-ms="79" status="PASS">
          <params>
            <param index="0">
              <value>
                <![CDATA[[TestResult name=testSortNameZtoA status=SUCCESS method=ProductPageTest.testSortNameZtoA(java.lang.String,java.lang.String,java.lang.String)[pri:5, instance:com.testcases.ProductPageTest@3f2049b6] output={null}]]]>
              </value>
            </param>
          </params>
          <reporter-output>
          </reporter-output>
        </test-method> <!-- tearDown -->
        <test-method is-config="true" signature="setUp()[pri:0, instance:com.testcases.ProductPageTest@3f2049b6]" started-at="2025-04-17T18:17:11 IST" name="setUp" finished-at="2025-04-17T18:17:13 IST" duration-ms="1852" status="PASS">
          <reporter-output>
          </reporter-output>
        </test-method> <!-- setUp -->
        <test-method signature="testSortNameZtoA(java.lang.String,java.lang.String,java.lang.String)[pri:5, instance:com.testcases.ProductPageTest@3f2049b6]" started-at="2025-04-17T18:17:13 IST" name="testSortNameZtoA" data-provider="validCredentials" finished-at="2025-04-17T18:17:14 IST" duration-ms="275" status="FAIL">
          <params>
            <param index="0">
              <value>
                <![CDATA[problem_user]]>
              </value>
            </param>
            <param index="1">
              <value>
                <![CDATA[secret_sauce]]>
              </value>
            </param>
            <param index="2">
              <value>
                <![CDATA[inventory.html]]>
              </value>
            </param>
          </params>
          <exception class="java.lang.AssertionError">
            <message>
              <![CDATA[Select dropdown option failed expected [true] but found [false]]]>
            </message>
            <full-stacktrace>
              <![CDATA[java.lang.AssertionError: Select dropdown option failed expected [true] but found [false]
at org.testng.Assert.fail(Assert.java:111)
at org.testng.Assert.failNotEquals(Assert.java:1590)
at org.testng.Assert.assertTrue(Assert.java:57)
at com.testcases.ProductPageTest.testSortNameZtoA(ProductPageTest.java:110)
at java.base/jdk.internal.reflect.NativeMethodAccessorImpl.invoke0(Native Method)
at java.base/jdk.internal.reflect.NativeMethodAccessorImpl.invoke(NativeMethodAccessorImpl.java:77)
at java.base/jdk.internal.reflect.DelegatingMethodAccessorImpl.invoke(DelegatingMethodAccessorImpl.java:43)
at java.base/java.lang.reflect.Method.invoke(Method.java:568)
at org.testng.internal.invokers.MethodInvocationHelper.invokeMethod(MethodInvocationHelper.java:141)
at org.testng.internal.invokers.TestInvoker.invokeMethod(TestInvoker.java:687)
at org.testng.internal.invokers.TestInvoker.invokeTestMethod(TestInvoker.java:230)
at org.testng.internal.invokers.MethodRunner.runInSequence(MethodRunner.java:63)
at org.testng.internal.invokers.TestInvoker$MethodInvocationAgent.invoke(TestInvoker.java:995)
at org.testng.internal.invokers.TestInvoker.invokeTestMethods(TestInvoker.java:203)
at org.testng.internal.invokers.TestMethodWorker.invokeTestMethods(TestMethodWorker.java:154)
at org.testng.internal.invokers.TestMethodWorker.run(TestMethodWorker.java:134)
at java.base/java.util.ArrayList.forEach(ArrayList.java:1511)
at org.testng.TestRunner.privateRun(TestRunner.java:741)
at org.testng.TestRunner.run(TestRunner.java:616)
at org.testng.SuiteRunner.runTest(SuiteRunner.java:421)
at org.testng.SuiteRunner.runSequentially(SuiteRunner.java:413)
at org.testng.SuiteRunner.privateRun(SuiteRunner.java:373)
at org.testng.SuiteRunner.run(SuiteRunner.java:312)
at org.testng.SuiteRunnerWorker.runSuite(SuiteRunnerWorker.java:52)
at org.testng.SuiteRunnerWorker.run(SuiteRunnerWorker.java:95)
at org.testng.TestNG.runSuitesSequentially(TestNG.java:1274)
at org.testng.TestNG.runSuitesLocally(TestNG.java:1208)
at org.testng.TestNG.runSuites(TestNG.java:1112)
at org.testng.TestNG.run(TestNG.java:1079)
at org.apache.maven.surefire.testng.TestNGExecutor.run(TestNGExecutor.java:308)
at org.apache.maven.surefire.testng.TestNGXmlTestSuite.execute(TestNGXmlTestSuite.java:71)
at org.apache.maven.surefire.testng.TestNGProvider.invoke(TestNGProvider.java:113)
at org.apache.maven.surefire.booter.ForkedBooter.runSuitesInProcess(ForkedBooter.java:385)
at org.apache.maven.surefire.booter.ForkedBooter.execute(ForkedBooter.java:162)
at org.apache.maven.surefire.booter.ForkedBooter.run(ForkedBooter.java:507)
at org.apache.maven.surefire.booter.ForkedBooter.main(ForkedBooter.java:495)
]]>
            </full-stacktrace>
          </exception> <!-- java.lang.AssertionError -->
          <reporter-output>
          </reporter-output>
        </test-method> <!-- testSortNameZtoA -->
        <test-method is-config="true" signature="tearDown(org.testng.ITestResult)[pri:0, instance:com.testcases.ProductPageTest@3f2049b6]" started-at="2025-04-17T18:17:14 IST" name="tearDown" finished-at="2025-04-17T18:17:14 IST" duration-ms="302" status="PASS">
          <params>
            <param index="0">
              <value>
                <![CDATA[[TestResult name=testSortNameZtoA status=FAILURE method=ProductPageTest.testSortNameZtoA(java.lang.String,java.lang.String,java.lang.String)[pri:5, instance:com.testcases.ProductPageTest@3f2049b6] output={null}]]]>
              </value>
            </param>
          </params>
          <reporter-output>
          </reporter-output>
        </test-method> <!-- tearDown -->
        <test-method is-config="true" signature="setUp()[pri:0, instance:com.testcases.ProductPageTest@3f2049b6]" started-at="2025-04-17T18:17:14 IST" name="setUp" finished-at="2025-04-17T18:17:16 IST" duration-ms="1832" status="PASS">
          <reporter-output>
          </reporter-output>
        </test-method> <!-- setUp -->
        <test-method signature="testSortPriceLowtoHigh(java.lang.String,java.lang.String,java.lang.String)[pri:6, instance:com.testcases.ProductPageTest@3f2049b6]" started-at="2025-04-17T18:17:16 IST" name="testSortPriceLowtoHigh" data-provider="validCredentials" finished-at="2025-04-17T18:17:16 IST" duration-ms="300" status="PASS">
          <params>
            <param index="0">
              <value>
                <![CDATA[standard_user]]>
              </value>
            </param>
            <param index="1">
              <value>
                <![CDATA[secret_sauce]]>
              </value>
            </param>
            <param index="2">
              <value>
                <![CDATA[inventory.html]]>
              </value>
            </param>
          </params>
          <reporter-output>
          </reporter-output>
        </test-method> <!-- testSortPriceLowtoHigh -->
        <test-method is-config="true" signature="tearDown(org.testng.ITestResult)[pri:0, instance:com.testcases.ProductPageTest@3f2049b6]" started-at="2025-04-17T18:17:16 IST" name="tearDown" finished-at="2025-04-17T18:17:16 IST" duration-ms="81" status="PASS">
          <params>
            <param index="0">
              <value>
                <![CDATA[[TestResult name=testSortPriceLowtoHigh status=SUCCESS method=ProductPageTest.testSortPriceLowtoHigh(java.lang.String,java.lang.String,java.lang.String)[pri:6, instance:com.testcases.ProductPageTest@3f2049b6] output={null}]]]>
              </value>
            </param>
          </params>
          <reporter-output>
          </reporter-output>
        </test-method> <!-- tearDown -->
        <test-method is-config="true" signature="setUp()[pri:0, instance:com.testcases.ProductPageTest@3f2049b6]" started-at="2025-04-17T18:17:16 IST" name="setUp" finished-at="2025-04-17T18:17:18 IST" duration-ms="1881" status="PASS">
          <reporter-output>
          </reporter-output>
        </test-method> <!-- setUp -->
        <test-method signature="testSortPriceLowtoHigh(java.lang.String,java.lang.String,java.lang.String)[pri:6, instance:com.testcases.ProductPageTest@3f2049b6]" started-at="2025-04-17T18:17:18 IST" name="testSortPriceLowtoHigh" data-provider="validCredentials" finished-at="2025-04-17T18:17:18 IST" duration-ms="266" status="FAIL">
          <params>
            <param index="0">
              <value>
                <![CDATA[problem_user]]>
              </value>
            </param>
            <param index="1">
              <value>
                <![CDATA[secret_sauce]]>
              </value>
            </param>
            <param index="2">
              <value>
                <![CDATA[inventory.html]]>
              </value>
            </param>
          </params>
          <exception class="java.lang.AssertionError">
            <message>
              <![CDATA[Select dropdown option failed expected [true] but found [false]]]>
            </message>
            <full-stacktrace>
              <![CDATA[java.lang.AssertionError: Select dropdown option failed expected [true] but found [false]
at org.testng.Assert.fail(Assert.java:111)
at org.testng.Assert.failNotEquals(Assert.java:1590)
at org.testng.Assert.assertTrue(Assert.java:57)
at com.testcases.ProductPageTest.testSortPriceLowtoHigh(ProductPageTest.java:148)
at java.base/jdk.internal.reflect.NativeMethodAccessorImpl.invoke0(Native Method)
at java.base/jdk.internal.reflect.NativeMethodAccessorImpl.invoke(NativeMethodAccessorImpl.java:77)
at java.base/jdk.internal.reflect.DelegatingMethodAccessorImpl.invoke(DelegatingMethodAccessorImpl.java:43)
at java.base/java.lang.reflect.Method.invoke(Method.java:568)
at org.testng.internal.invokers.MethodInvocationHelper.invokeMethod(MethodInvocationHelper.java:141)
at org.testng.internal.invokers.TestInvoker.invokeMethod(TestInvoker.java:687)
at org.testng.internal.invokers.TestInvoker.invokeTestMethod(TestInvoker.java:230)
at org.testng.internal.invokers.MethodRunner.runInSequence(MethodRunner.java:63)
at org.testng.internal.invokers.TestInvoker$MethodInvocationAgent.invoke(TestInvoker.java:995)
at org.testng.internal.invokers.TestInvoker.invokeTestMethods(TestInvoker.java:203)
at org.testng.internal.invokers.TestMethodWorker.invokeTestMethods(TestMethodWorker.java:154)
at org.testng.internal.invokers.TestMethodWorker.run(TestMethodWorker.java:134)
at java.base/java.util.ArrayList.forEach(ArrayList.java:1511)
at org.testng.TestRunner.privateRun(TestRunner.java:741)
at org.testng.TestRunner.run(TestRunner.java:616)
at org.testng.SuiteRunner.runTest(SuiteRunner.java:421)
at org.testng.SuiteRunner.runSequentially(SuiteRunner.java:413)
at org.testng.SuiteRunner.privateRun(SuiteRunner.java:373)
at org.testng.SuiteRunner.run(SuiteRunner.java:312)
at org.testng.SuiteRunnerWorker.runSuite(SuiteRunnerWorker.java:52)
at org.testng.SuiteRunnerWorker.run(SuiteRunnerWorker.java:95)
at org.testng.TestNG.runSuitesSequentially(TestNG.java:1274)
at org.testng.TestNG.runSuitesLocally(TestNG.java:1208)
at org.testng.TestNG.runSuites(TestNG.java:1112)
at org.testng.TestNG.run(TestNG.java:1079)
at org.apache.maven.surefire.testng.TestNGExecutor.run(TestNGExecutor.java:308)
at org.apache.maven.surefire.testng.TestNGXmlTestSuite.execute(TestNGXmlTestSuite.java:71)
at org.apache.maven.surefire.testng.TestNGProvider.invoke(TestNGProvider.java:113)
at org.apache.maven.surefire.booter.ForkedBooter.runSuitesInProcess(ForkedBooter.java:385)
at org.apache.maven.surefire.booter.ForkedBooter.execute(ForkedBooter.java:162)
at org.apache.maven.surefire.booter.ForkedBooter.run(ForkedBooter.java:507)
at org.apache.maven.surefire.booter.ForkedBooter.main(ForkedBooter.java:495)
]]>
            </full-stacktrace>
          </exception> <!-- java.lang.AssertionError -->
          <reporter-output>
          </reporter-output>
        </test-method> <!-- testSortPriceLowtoHigh -->
        <test-method is-config="true" signature="tearDown(org.testng.ITestResult)[pri:0, instance:com.testcases.ProductPageTest@3f2049b6]" started-at="2025-04-17T18:17:18 IST" name="tearDown" finished-at="2025-04-17T18:17:19 IST" duration-ms="321" status="PASS">
          <params>
            <param index="0">
              <value>
                <![CDATA[[TestResult name=testSortPriceLowtoHigh status=FAILURE method=ProductPageTest.testSortPriceLowtoHigh(java.lang.String,java.lang.String,java.lang.String)[pri:6, instance:com.testcases.ProductPageTest@3f2049b6] output={null}]]]>
              </value>
            </param>
          </params>
          <reporter-output>
          </reporter-output>
        </test-method> <!-- tearDown -->
        <test-method is-config="true" signature="setUp()[pri:0, instance:com.testcases.ProductPageTest@3f2049b6]" started-at="2025-04-17T18:17:19 IST" name="setUp" finished-at="2025-04-17T18:17:20 IST" duration-ms="1941" status="PASS">
          <reporter-output>
          </reporter-output>
        </test-method> <!-- setUp -->
        <test-method signature="testSortPriceHightoLow(java.lang.String,java.lang.String,java.lang.String)[pri:7, instance:com.testcases.ProductPageTest@3f2049b6]" started-at="2025-04-17T18:17:20 IST" name="testSortPriceHightoLow" data-provider="validCredentials" finished-at="2025-04-17T18:17:21 IST" duration-ms="295" status="PASS">
          <params>
            <param index="0">
              <value>
                <![CDATA[standard_user]]>
              </value>
            </param>
            <param index="1">
              <value>
                <![CDATA[secret_sauce]]>
              </value>
            </param>
            <param index="2">
              <value>
                <![CDATA[inventory.html]]>
              </value>
            </param>
          </params>
          <reporter-output>
          </reporter-output>
        </test-method> <!-- testSortPriceHightoLow -->
        <test-method is-config="true" signature="tearDown(org.testng.ITestResult)[pri:0, instance:com.testcases.ProductPageTest@3f2049b6]" started-at="2025-04-17T18:17:21 IST" name="tearDown" finished-at="2025-04-17T18:17:21 IST" duration-ms="79" status="PASS">
          <params>
            <param index="0">
              <value>
                <![CDATA[[TestResult name=testSortPriceHightoLow status=SUCCESS method=ProductPageTest.testSortPriceHightoLow(java.lang.String,java.lang.String,java.lang.String)[pri:7, instance:com.testcases.ProductPageTest@3f2049b6] output={null}]]]>
              </value>
            </param>
          </params>
          <reporter-output>
          </reporter-output>
        </test-method> <!-- tearDown -->
        <test-method is-config="true" signature="setUp()[pri:0, instance:com.testcases.ProductPageTest@3f2049b6]" started-at="2025-04-17T18:17:21 IST" name="setUp" finished-at="2025-04-17T18:17:23 IST" duration-ms="1797" status="PASS">
          <reporter-output>
          </reporter-output>
        </test-method> <!-- setUp -->
        <test-method signature="testSortPriceHightoLow(java.lang.String,java.lang.String,java.lang.String)[pri:7, instance:com.testcases.ProductPageTest@3f2049b6]" started-at="2025-04-17T18:17:23 IST" name="testSortPriceHightoLow" data-provider="validCredentials" finished-at="2025-04-17T18:17:23 IST" duration-ms="264" status="FAIL">
          <params>
            <param index="0">
              <value>
                <![CDATA[problem_user]]>
              </value>
            </param>
            <param index="1">
              <value>
                <![CDATA[secret_sauce]]>
              </value>
            </param>
            <param index="2">
              <value>
                <![CDATA[inventory.html]]>
              </value>
            </param>
          </params>
          <exception class="java.lang.AssertionError">
            <message>
              <![CDATA[Select dropdown option failed expected [true] but found [false]]]>
            </message>
            <full-stacktrace>
              <![CDATA[java.lang.AssertionError: Select dropdown option failed expected [true] but found [false]
at org.testng.Assert.fail(Assert.java:111)
at org.testng.Assert.failNotEquals(Assert.java:1590)
at org.testng.Assert.assertTrue(Assert.java:57)
at com.testcases.ProductPageTest.testSortPriceHightoLow(ProductPageTest.java:186)
at java.base/jdk.internal.reflect.NativeMethodAccessorImpl.invoke0(Native Method)
at java.base/jdk.internal.reflect.NativeMethodAccessorImpl.invoke(NativeMethodAccessorImpl.java:77)
at java.base/jdk.internal.reflect.DelegatingMethodAccessorImpl.invoke(DelegatingMethodAccessorImpl.java:43)
at java.base/java.lang.reflect.Method.invoke(Method.java:568)
at org.testng.internal.invokers.MethodInvocationHelper.invokeMethod(MethodInvocationHelper.java:141)
at org.testng.internal.invokers.TestInvoker.invokeMethod(TestInvoker.java:687)
at org.testng.internal.invokers.TestInvoker.invokeTestMethod(TestInvoker.java:230)
at org.testng.internal.invokers.MethodRunner.runInSequence(MethodRunner.java:63)
at org.testng.internal.invokers.TestInvoker$MethodInvocationAgent.invoke(TestInvoker.java:995)
at org.testng.internal.invokers.TestInvoker.invokeTestMethods(TestInvoker.java:203)
at org.testng.internal.invokers.TestMethodWorker.invokeTestMethods(TestMethodWorker.java:154)
at org.testng.internal.invokers.TestMethodWorker.run(TestMethodWorker.java:134)
at java.base/java.util.ArrayList.forEach(ArrayList.java:1511)
at org.testng.TestRunner.privateRun(TestRunner.java:741)
at org.testng.TestRunner.run(TestRunner.java:616)
at org.testng.SuiteRunner.runTest(SuiteRunner.java:421)
at org.testng.SuiteRunner.runSequentially(SuiteRunner.java:413)
at org.testng.SuiteRunner.privateRun(SuiteRunner.java:373)
at org.testng.SuiteRunner.run(SuiteRunner.java:312)
at org.testng.SuiteRunnerWorker.runSuite(SuiteRunnerWorker.java:52)
at org.testng.SuiteRunnerWorker.run(SuiteRunnerWorker.java:95)
at org.testng.TestNG.runSuitesSequentially(TestNG.java:1274)
at org.testng.TestNG.runSuitesLocally(TestNG.java:1208)
at org.testng.TestNG.runSuites(TestNG.java:1112)
at org.testng.TestNG.run(TestNG.java:1079)
at org.apache.maven.surefire.testng.TestNGExecutor.run(TestNGExecutor.java:308)
at org.apache.maven.surefire.testng.TestNGXmlTestSuite.execute(TestNGXmlTestSuite.java:71)
at org.apache.maven.surefire.testng.TestNGProvider.invoke(TestNGProvider.java:113)
at org.apache.maven.surefire.booter.ForkedBooter.runSuitesInProcess(ForkedBooter.java:385)
at org.apache.maven.surefire.booter.ForkedBooter.execute(ForkedBooter.java:162)
at org.apache.maven.surefire.booter.ForkedBooter.run(ForkedBooter.java:507)
at org.apache.maven.surefire.booter.ForkedBooter.main(ForkedBooter.java:495)
]]>
            </full-stacktrace>
          </exception> <!-- java.lang.AssertionError -->
          <reporter-output>
          </reporter-output>
        </test-method> <!-- testSortPriceHightoLow -->
        <test-method is-config="true" signature="tearDown(org.testng.ITestResult)[pri:0, instance:com.testcases.ProductPageTest@3f2049b6]" started-at="2025-04-17T18:17:23 IST" name="tearDown" finished-at="2025-04-17T18:17:23 IST" duration-ms="307" status="PASS">
          <params>
            <param index="0">
              <value>
                <![CDATA[[TestResult name=testSortPriceHightoLow status=FAILURE method=ProductPageTest.testSortPriceHightoLow(java.lang.String,java.lang.String,java.lang.String)[pri:7, instance:com.testcases.ProductPageTest@3f2049b6] output={null}]]]>
              </value>
            </param>
          </params>
          <reporter-output>
          </reporter-output>
        </test-method> <!-- tearDown -->
      </class> <!-- com.testcases.ProductPageTest -->
    </test> <!-- Product Page Test -->
    <test started-at="2025-04-17T18:17:23 IST" name="Cart Page Test" finished-at="2025-04-17T18:17:38 IST" duration-ms="15203">
      <class name="com.testcases.CartPageTest">
        <test-method is-config="true" signature="setUp()[pri:0, instance:com.testcases.CartPageTest@e72dba7]" started-at="2025-04-17T18:17:23 IST" name="setUp" finished-at="2025-04-17T18:17:25 IST" duration-ms="1856" status="PASS">
          <reporter-output>
          </reporter-output>
        </test-method> <!-- setUp -->
        <test-method signature="testCheckoutRandomAsset(java.lang.String,java.lang.String,java.lang.String)[pri:8, instance:com.testcases.CartPageTest@e72dba7]" started-at="2025-04-17T18:17:25 IST" name="testCheckoutRandomAsset" data-provider="validCredentials" finished-at="2025-04-17T18:17:26 IST" duration-ms="600" status="PASS">
          <params>
            <param index="0">
              <value>
                <![CDATA[standard_user]]>
              </value>
            </param>
            <param index="1">
              <value>
                <![CDATA[secret_sauce]]>
              </value>
            </param>
            <param index="2">
              <value>
                <![CDATA[inventory.html]]>
              </value>
            </param>
          </params>
          <reporter-output>
          </reporter-output>
        </test-method> <!-- testCheckoutRandomAsset -->
        <test-method is-config="true" signature="tearDown(org.testng.ITestResult)[pri:0, instance:com.testcases.CartPageTest@e72dba7]" started-at="2025-04-17T18:17:26 IST" name="tearDown" finished-at="2025-04-17T18:17:26 IST" duration-ms="79" status="PASS">
          <params>
            <param index="0">
              <value>
                <![CDATA[[TestResult name=testCheckoutRandomAsset status=SUCCESS method=CartPageTest.testCheckoutRandomAsset(java.lang.String,java.lang.String,java.lang.String)[pri:8, instance:com.testcases.CartPageTest@e72dba7] output={null}]]]>
              </value>
            </param>
          </params>
          <reporter-output>
          </reporter-output>
        </test-method> <!-- tearDown -->
        <test-method is-config="true" signature="setUp()[pri:0, instance:com.testcases.CartPageTest@e72dba7]" started-at="2025-04-17T18:17:26 IST" name="setUp" finished-at="2025-04-17T18:17:28 IST" duration-ms="1967" status="PASS">
          <reporter-output>
          </reporter-output>
        </test-method> <!-- setUp -->
        <test-method signature="testCheckoutRandomAsset(java.lang.String,java.lang.String,java.lang.String)[pri:8, instance:com.testcases.CartPageTest@e72dba7]" started-at="2025-04-17T18:17:28 IST" name="testCheckoutRandomAsset" data-provider="validCredentials" finished-at="2025-04-17T18:17:38 IST" duration-ms="10348" status="FAIL">
          <params>
            <param index="0">
              <value>
                <![CDATA[problem_user]]>
              </value>
            </param>
            <param index="1">
              <value>
                <![CDATA[secret_sauce]]>
              </value>
            </param>
            <param index="2">
              <value>
                <![CDATA[inventory.html]]>
              </value>
            </param>
          </params>
          <exception class="java.lang.AssertionError">
            <message>
              <![CDATA[All/Some items are not getting added to cart expected [true] but found [false]]]>
            </message>
            <full-stacktrace>
              <![CDATA[java.lang.AssertionError: All/Some items are not getting added to cart expected [true] but found [false]
at org.testng.Assert.fail(Assert.java:111)
at org.testng.Assert.failNotEquals(Assert.java:1590)
at org.testng.Assert.assertTrue(Assert.java:57)
at com.testcases.CartPageTest.testCheckoutRandomAsset(CartPageTest.java:30)
at java.base/jdk.internal.reflect.NativeMethodAccessorImpl.invoke0(Native Method)
at java.base/jdk.internal.reflect.NativeMethodAccessorImpl.invoke(NativeMethodAccessorImpl.java:77)
at java.base/jdk.internal.reflect.DelegatingMethodAccessorImpl.invoke(DelegatingMethodAccessorImpl.java:43)
at java.base/java.lang.reflect.Method.invoke(Method.java:568)
at org.testng.internal.invokers.MethodInvocationHelper.invokeMethod(MethodInvocationHelper.java:141)
at org.testng.internal.invokers.TestInvoker.invokeMethod(TestInvoker.java:687)
at org.testng.internal.invokers.TestInvoker.invokeTestMethod(TestInvoker.java:230)
at org.testng.internal.invokers.MethodRunner.runInSequence(MethodRunner.java:63)
at org.testng.internal.invokers.TestInvoker$MethodInvocationAgent.invoke(TestInvoker.java:995)
at org.testng.internal.invokers.TestInvoker.invokeTestMethods(TestInvoker.java:203)
at org.testng.internal.invokers.TestMethodWorker.invokeTestMethods(TestMethodWorker.java:154)
at org.testng.internal.invokers.TestMethodWorker.run(TestMethodWorker.java:134)
at java.base/java.util.ArrayList.forEach(ArrayList.java:1511)
at org.testng.TestRunner.privateRun(TestRunner.java:741)
at org.testng.TestRunner.run(TestRunner.java:616)
at org.testng.SuiteRunner.runTest(SuiteRunner.java:421)
at org.testng.SuiteRunner.runSequentially(SuiteRunner.java:413)
at org.testng.SuiteRunner.privateRun(SuiteRunner.java:373)
at org.testng.SuiteRunner.run(SuiteRunner.java:312)
at org.testng.SuiteRunnerWorker.runSuite(SuiteRunnerWorker.java:52)
at org.testng.SuiteRunnerWorker.run(SuiteRunnerWorker.java:95)
at org.testng.TestNG.runSuitesSequentially(TestNG.java:1274)
at org.testng.TestNG.runSuitesLocally(TestNG.java:1208)
at org.testng.TestNG.runSuites(TestNG.java:1112)
at org.testng.TestNG.run(TestNG.java:1079)
at org.apache.maven.surefire.testng.TestNGExecutor.run(TestNGExecutor.java:308)
at org.apache.maven.surefire.testng.TestNGXmlTestSuite.execute(TestNGXmlTestSuite.java:71)
at org.apache.maven.surefire.testng.TestNGProvider.invoke(TestNGProvider.java:113)
at org.apache.maven.surefire.booter.ForkedBooter.runSuitesInProcess(ForkedBooter.java:385)
at org.apache.maven.surefire.booter.ForkedBooter.execute(ForkedBooter.java:162)
at org.apache.maven.surefire.booter.ForkedBooter.run(ForkedBooter.java:507)
at org.apache.maven.surefire.booter.ForkedBooter.main(ForkedBooter.java:495)
]]>
            </full-stacktrace>
          </exception> <!-- java.lang.AssertionError -->
          <reporter-output>
          </reporter-output>
        </test-method> <!-- testCheckoutRandomAsset -->
        <test-method is-config="true" signature="tearDown(org.testng.ITestResult)[pri:0, instance:com.testcases.CartPageTest@e72dba7]" started-at="2025-04-17T18:17:38 IST" name="tearDown" finished-at="2025-04-17T18:17:38 IST" duration-ms="343" status="PASS">
          <params>
            <param index="0">
              <value>
                <![CDATA[[TestResult name=testCheckoutRandomAsset status=FAILURE method=CartPageTest.testCheckoutRandomAsset(java.lang.String,java.lang.String,java.lang.String)[pri:8, instance:com.testcases.CartPageTest@e72dba7] output={null}]]]>
              </value>
            </param>
          </params>
          <reporter-output>
          </reporter-output>
        </test-method> <!-- tearDown -->
      </class> <!-- com.testcases.CartPageTest -->
    </test> <!-- Cart Page Test -->
  </suite> <!-- SauceDemo Suite -->
</testng-results>
