<?xml version="1.0" encoding="UTF-8"?>
<!-- Generated by org.testng.reporters.JUnitXMLReporter -->
<testsuite ignored="0" hostname="Anjus-MacBook-Air.local" failures="1" tests="2" name="Cart Page Test" time="15.203" errors="0" timestamp="2025-04-17T18:17:38 IST">
  <testcase classname="com.testcases.CartPageTest" name="testCheckoutRandomAsset" time="0.6"/>
  <testcase classname="com.testcases.CartPageTest" name="testCheckoutRandomAsset" time="10.348">
    <failure type="java.lang.AssertionError" message="All/Some items are not getting added to cart expected [true] but found [false]">
      <![CDATA[java.lang.AssertionError: All/Some items are not getting added to cart expected [true] but found [false]
at com.testcases.CartPageTest.testCheckoutRandomAsset(CartPageTest.java:30)
at java.base/java.util.ArrayList.forEach(ArrayList.java:1511)
... Removed 34 stack frames]]>
    </failure>
  </testcase> <!-- testCheckoutRandomAsset -->
</testsuite> <!-- Cart Page Test -->
