<?xml version="1.0" encoding="UTF-8"?>
<!-- Generated by org.testng.reporters.JUnitXMLReporter -->
<testsuite ignored="0" hostname="Anjus-MacBook-Air.local" failures="3" tests="10" name="Product Page Test" time="22.899" errors="0" timestamp="2025-04-17T18:17:23 IST">
  <testcase classname="com.testcases.ProductPageTest" name="testTitleVerification" time="0.229"/>
  <testcase classname="com.testcases.ProductPageTest" name="testTitleVerification" time="0.228"/>
  <testcase classname="com.testcases.ProductPageTest" name="testSortNameAtoZ" time="0.296"/>
  <testcase classname="com.testcases.ProductPageTest" name="testSortNameAtoZ" time="0.285"/>
  <testcase classname="com.testcases.ProductPageTest" name="testSortNameZtoA" time="0.298"/>
  <testcase classname="com.testcases.ProductPageTest" name="testSortNameZtoA" time="0.275">
    <failure type="java.lang.AssertionError" message="Select dropdown option failed expected [true] but found [false]">
      <![CDATA[java.lang.AssertionError: Select dropdown option failed expected [true] but found [false]
at com.testcases.ProductPageTest.testSortNameZtoA(ProductPageTest.java:110)
at java.base/java.util.ArrayList.forEach(ArrayList.java:1511)
... Removed 34 stack frames]]>
    </failure>
  </testcase> <!-- testSortNameZtoA -->
  <testcase classname="com.testcases.ProductPageTest" name="testSortPriceLowtoHigh" time="0.3"/>
  <testcase classname="com.testcases.ProductPageTest" name="testSortPriceLowtoHigh" time="0.266">
    <failure type="java.lang.AssertionError" message="Select dropdown option failed expected [true] but found [false]">
      <![CDATA[java.lang.AssertionError: Select dropdown option failed expected [true] but found [false]
at com.testcases.ProductPageTest.testSortPriceLowtoHigh(ProductPageTest.java:148)
at java.base/java.util.ArrayList.forEach(ArrayList.java:1511)
... Removed 34 stack frames]]>
    </failure>
  </testcase> <!-- testSortPriceLowtoHigh -->
  <testcase classname="com.testcases.ProductPageTest" name="testSortPriceHightoLow" time="0.295"/>
  <testcase classname="com.testcases.ProductPageTest" name="testSortPriceHightoLow" time="0.264">
    <failure type="java.lang.AssertionError" message="Select dropdown option failed expected [true] but found [false]">
      <![CDATA[java.lang.AssertionError: Select dropdown option failed expected [true] but found [false]
at com.testcases.ProductPageTest.testSortPriceHightoLow(ProductPageTest.java:186)
at java.base/java.util.ArrayList.forEach(ArrayList.java:1511)
... Removed 34 stack frames]]>
    </failure>
  </testcase> <!-- testSortPriceHightoLow -->
</testsuite> <!-- Product Page Test -->
